  [1m[35m (18.4ms)[0m  [1m[35mSET NAMES utf8,  @@SESSION.sql_mode = CONCAT(CONCAT(@@sql_mode, ',STRICT_ALL_TABLES'), ',NO_AUTO_VALUE_ON_ZERO'),  @@SESSION.sql_auto_is_null = 0, @@SESSION.wait_timeout = 2147483[0m
  ↳ bin/rails:4
  [1m[35m (7.6ms)[0m  [1m[35mCREATE DATABASE `zasetsu_norikoe_app_development` DEFAULT CHARACTER SET `utf8`[0m
  ↳ bin/rails:4
  [1m[35m (2.1ms)[0m  [1m[35mSET NAMES utf8,  @@SESSION.sql_mode = CONCAT(CONCAT(@@sql_mode, ',STRICT_ALL_TABLES'), ',NO_AUTO_VALUE_ON_ZERO'),  @@SESSION.sql_auto_is_null = 0, @@SESSION.wait_timeout = 2147483[0m
  ↳ bin/rails:4
  [1m[35m (6.5ms)[0m  [1m[35mCREATE DATABASE `zasetsu_norikoe_app_test` DEFAULT CHARACTER SET `utf8`[0m
  ↳ bin/rails:4
  [1m[35m (5.4ms)[0m  [1m[35mSET NAMES utf8,  @@SESSION.sql_mode = CONCAT(CONCAT(@@sql_mode, ',STRICT_ALL_TABLES'), ',NO_AUTO_VALUE_ON_ZERO'),  @@SESSION.sql_auto_is_null = 0, @@SESSION.wait_timeout = 2147483[0m
  ↳ bin/rails:4
  [1m[35m (76.1ms)[0m  [1m[35mCREATE TABLE `schema_migrations` (`version` varchar(255) NOT NULL PRIMARY KEY)[0m
  ↳ bin/rails:4
  [1m[35m (29.9ms)[0m  [1m[35mCREATE TABLE `ar_internal_metadata` (`key` varchar(255) NOT NULL PRIMARY KEY, `value` varchar(255), `created_at` datetime NOT NULL, `updated_at` datetime NOT NULL)[0m
  ↳ bin/rails:4
  [1m[35m (3.1ms)[0m  [1m[34mSELECT GET_LOCK('2579241965028937950', 0)[0m
  ↳ bin/rails:4
  [1m[35m (2.9ms)[0m  [1m[34mSELECT `schema_migrations`.`version` FROM `schema_migrations` ORDER BY `schema_migrations`.`version` ASC[0m
  ↳ bin/rails:4
Migrating to Users (20210207135604)
  [1m[35m (4.4ms)[0m  [1m[34mSELECT RELEASE_LOCK('2579241965028937950')[0m
  ↳ bin/rails:4
  [1m[35m (5.4ms)[0m  [1m[35mSET NAMES utf8,  @@SESSION.sql_mode = CONCAT(CONCAT(@@sql_mode, ',STRICT_ALL_TABLES'), ',NO_AUTO_VALUE_ON_ZERO'),  @@SESSION.sql_auto_is_null = 0, @@SESSION.wait_timeout = 2147483[0m
  ↳ bin/rails:4
  [1m[35m (0.1ms)[0m  [1m[34mSELECT GET_LOCK('2579241965028937950', 0)[0m
  ↳ bin/rails:4
  [1m[35m (0.2ms)[0m  [1m[34mSELECT `schema_migrations`.`version` FROM `schema_migrations` ORDER BY `schema_migrations`.`version` ASC[0m
  ↳ bin/rails:4
Migrating to Users (20210207135604)
  [1m[35m (0.2ms)[0m  [1m[34mSELECT RELEASE_LOCK('2579241965028937950')[0m
  ↳ bin/rails:4
  [1m[35m (1.1ms)[0m  [1m[35mSET NAMES utf8,  @@SESSION.sql_mode = CONCAT(CONCAT(@@sql_mode, ',STRICT_ALL_TABLES'), ',NO_AUTO_VALUE_ON_ZERO'),  @@SESSION.sql_auto_is_null = 0, @@SESSION.wait_timeout = 2147483[0m
  ↳ bin/rails:4
  [1m[35m (0.1ms)[0m  [1m[34mSELECT GET_LOCK('2579241965028937950', 0)[0m
  ↳ bin/rails:4
  [1m[35m (0.2ms)[0m  [1m[34mSELECT `schema_migrations`.`version` FROM `schema_migrations` ORDER BY `schema_migrations`.`version` ASC[0m
  ↳ bin/rails:4
Migrating to Users (20210207135604)
  [1m[35m (0.1ms)[0m  [1m[34mSELECT RELEASE_LOCK('2579241965028937950')[0m
  ↳ bin/rails:4
  [1m[35m (0.2ms)[0m  [1m[35mSET NAMES utf8,  @@SESSION.sql_mode = CONCAT(CONCAT(@@sql_mode, ',STRICT_ALL_TABLES'), ',NO_AUTO_VALUE_ON_ZERO'),  @@SESSION.sql_auto_is_null = 0, @@SESSION.wait_timeout = 2147483[0m
  ↳ bin/rails:4
  [1m[35m (0.1ms)[0m  [1m[34mSELECT GET_LOCK('2579241965028937950', 0)[0m
  ↳ bin/rails:4
  [1m[35m (0.1ms)[0m  [1m[34mSELECT `schema_migrations`.`version` FROM `schema_migrations` ORDER BY `schema_migrations`.`version` ASC[0m
  ↳ bin/rails:4
Migrating to Users (20210207135604)
  [1m[35m (0.1ms)[0m  [1m[34mSELECT RELEASE_LOCK('2579241965028937950')[0m
  ↳ bin/rails:4
  [1m[35m (0.8ms)[0m  [1m[35mSET NAMES utf8,  @@SESSION.sql_mode = CONCAT(CONCAT(@@sql_mode, ',STRICT_ALL_TABLES'), ',NO_AUTO_VALUE_ON_ZERO'),  @@SESSION.sql_auto_is_null = 0, @@SESSION.wait_timeout = 2147483[0m
  ↳ bin/rails:4
  [1m[35m (0.1ms)[0m  [1m[34mSELECT GET_LOCK('2579241965028937950', 0)[0m
  ↳ bin/rails:4
  [1m[35m (0.1ms)[0m  [1m[34mSELECT `schema_migrations`.`version` FROM `schema_migrations` ORDER BY `schema_migrations`.`version` ASC[0m
  ↳ bin/rails:4
Migrating to Users (20210207135604)
  [1m[35m (0.1ms)[0m  [1m[34mSELECT RELEASE_LOCK('2579241965028937950')[0m
  ↳ bin/rails:4
  [1m[35m (0.3ms)[0m  [1m[35mSET NAMES utf8,  @@SESSION.sql_mode = CONCAT(CONCAT(@@sql_mode, ',STRICT_ALL_TABLES'), ',NO_AUTO_VALUE_ON_ZERO'),  @@SESSION.sql_auto_is_null = 0, @@SESSION.wait_timeout = 2147483[0m
  ↳ bin/rails:4
  [1m[35m (0.1ms)[0m  [1m[34mSELECT GET_LOCK('2579241965028937950', 0)[0m
  ↳ bin/rails:4
  [1m[35m (0.2ms)[0m  [1m[34mSELECT `schema_migrations`.`version` FROM `schema_migrations` ORDER BY `schema_migrations`.`version` ASC[0m
  ↳ bin/rails:4
Migrating to Users (20210207135604)
  [1m[35m (0.2ms)[0m  [1m[34mSELECT RELEASE_LOCK('2579241965028937950')[0m
  ↳ bin/rails:4
  [1m[35m (0.3ms)[0m  [1m[35mSET NAMES utf8,  @@SESSION.sql_mode = CONCAT(CONCAT(@@sql_mode, ',STRICT_ALL_TABLES'), ',NO_AUTO_VALUE_ON_ZERO'),  @@SESSION.sql_auto_is_null = 0, @@SESSION.wait_timeout = 2147483[0m
  ↳ bin/rails:4
  [1m[35m (0.2ms)[0m  [1m[34mSELECT `schema_migrations`.`version` FROM `schema_migrations` ORDER BY `schema_migrations`.`version` ASC[0m
  ↳ bin/rails:4
  [1m[35m (0.2ms)[0m  [1m[35mSET NAMES utf8,  @@SESSION.sql_mode = CONCAT(CONCAT(@@sql_mode, ',STRICT_ALL_TABLES'), ',NO_AUTO_VALUE_ON_ZERO'),  @@SESSION.sql_auto_is_null = 0, @@SESSION.wait_timeout = 2147483[0m
  ↳ bin/rails:4
  [1m[35m (0.1ms)[0m  [1m[34mSELECT GET_LOCK('2579241965028937950', 0)[0m
  ↳ bin/rails:4
  [1m[35m (0.1ms)[0m  [1m[34mSELECT `schema_migrations`.`version` FROM `schema_migrations` ORDER BY `schema_migrations`.`version` ASC[0m
  ↳ bin/rails:4
Migrating to Users (20210207135604)
  [1m[35m (0.2ms)[0m  [1m[34mSELECT RELEASE_LOCK('2579241965028937950')[0m
  ↳ bin/rails:4
  [1m[35m (0.3ms)[0m  [1m[35mSET NAMES utf8,  @@SESSION.sql_mode = CONCAT(CONCAT(@@sql_mode, ',STRICT_ALL_TABLES'), ',NO_AUTO_VALUE_ON_ZERO'),  @@SESSION.sql_auto_is_null = 0, @@SESSION.wait_timeout = 2147483[0m
  ↳ bin/rails:4
  [1m[35m (0.1ms)[0m  [1m[34mSELECT GET_LOCK('2579241965028937950', 0)[0m
  ↳ bin/rails:4
  [1m[35m (0.2ms)[0m  [1m[34mSELECT `schema_migrations`.`version` FROM `schema_migrations` ORDER BY `schema_migrations`.`version` ASC[0m
  ↳ bin/rails:4
Migrating to Users (20210207135604)
  [1m[35m (34.8ms)[0m  [1m[35mCREATE TABLE `userdate` (`id` bigint NOT NULL AUTO_INCREMENT PRIMARY KEY, `email` varchar(255) NOT NULL, `password` varchar(255) NOT NULL, `name` varchar(255) NOT NULL, `gender` int NOT NULL, `age` varchar(255), `employment_form` int NOT NULL, `prefecture` varchar(255), `available_work_time` varchar(255), `qualification` varchar(255), `hobby` varchar(255), `speciall_skill` varchar(255), `want_talk` varchar(255), `not_want_talk` varchar(255), `free_area` text, `zasetsu_count` int NOT NULL, `facebook_url` varchar(255), `twitter_url` varchar(255), `github_url` varchar(255), `port_url` varchar(255), `deleted_at` datetime NOT NULL, `created_at` datetime NOT NULL, `updated_at` datetime NOT NULL)[0m
  ↳ db/migrate/20210207135604_users.rb:3
  [1m[35m (1.1ms)[0m  [1m[35mBEGIN[0m
  ↳ bin/rails:4
  [1m[36mActiveRecord::SchemaMigration Create (3.7ms)[0m  [1m[32mINSERT INTO `schema_migrations` (`version`) VALUES ('20210207135604')[0m
  ↳ bin/rails:4
  [1m[35m (0.9ms)[0m  [1m[35mCOMMIT[0m
  ↳ bin/rails:4
Migrating to SkillCategories (20210207135715)
  [1m[35m (4.9ms)[0m  [1m[35mBEGIN[0m
  ↳ bin/rails:4
  [1m[36mActiveRecord::SchemaMigration Create (1.8ms)[0m  [1m[32mINSERT INTO `schema_migrations` (`version`) VALUES ('20210207135715')[0m
  ↳ bin/rails:4
  [1m[35m (0.3ms)[0m  [1m[35mCOMMIT[0m
  ↳ bin/rails:4
Migrating to SkillSets (20210207135817)
  [1m[35m (0.1ms)[0m  [1m[35mBEGIN[0m
  ↳ bin/rails:4
  [1m[36mActiveRecord::SchemaMigration Create (5.4ms)[0m  [1m[32mINSERT INTO `schema_migrations` (`version`) VALUES ('20210207135817')[0m
  ↳ bin/rails:4
  [1m[35m (0.3ms)[0m  [1m[35mCOMMIT[0m
  ↳ bin/rails:4
Migrating to UserAndSkillCategoriesRelationships (20210207135903)
  [1m[35m (0.1ms)[0m  [1m[35mBEGIN[0m
  ↳ bin/rails:4
  [1m[36mActiveRecord::SchemaMigration Create (5.8ms)[0m  [1m[32mINSERT INTO `schema_migrations` (`version`) VALUES ('20210207135903')[0m
  ↳ bin/rails:4
  [1m[35m (0.3ms)[0m  [1m[35mCOMMIT[0m
  ↳ bin/rails:4
Migrating to UserAndSkillSetsRelationships (20210207140018)
  [1m[35m (0.1ms)[0m  [1m[35mBEGIN[0m
  ↳ bin/rails:4
  [1m[36mActiveRecord::SchemaMigration Create (4.2ms)[0m  [1m[32mINSERT INTO `schema_migrations` (`version`) VALUES ('20210207140018')[0m
  ↳ bin/rails:4
  [1m[35m (0.3ms)[0m  [1m[35mCOMMIT[0m
  ↳ bin/rails:4
  [1m[36mActiveRecord::InternalMetadata Load (5.2ms)[0m  [1m[34mSELECT  `ar_internal_metadata`.* FROM `ar_internal_metadata` WHERE `ar_internal_metadata`.`key` = 'environment' LIMIT 1[0m
  ↳ bin/rails:4
  [1m[35m (0.1ms)[0m  [1m[35mBEGIN[0m
  ↳ bin/rails:4
  [1m[36mActiveRecord::InternalMetadata Create (5.2ms)[0m  [1m[32mINSERT INTO `ar_internal_metadata` (`key`, `value`, `created_at`, `updated_at`) VALUES ('environment', 'development', '2021-02-08 07:46:02', '2021-02-08 07:46:02')[0m
  ↳ bin/rails:4
  [1m[35m (0.3ms)[0m  [1m[35mCOMMIT[0m
  ↳ bin/rails:4
  [1m[35m (0.1ms)[0m  [1m[34mSELECT RELEASE_LOCK('2579241965028937950')[0m
  ↳ bin/rails:4
  [1m[35m (0.9ms)[0m  [1m[34mSELECT `schema_migrations`.`version` FROM `schema_migrations` ORDER BY `schema_migrations`.`version` ASC[0m
  ↳ bin/rails:4
  [1m[35m (18.2ms)[0m  [1m[35mSET NAMES utf8,  @@SESSION.sql_mode = CONCAT(CONCAT(@@sql_mode, ',STRICT_ALL_TABLES'), ',NO_AUTO_VALUE_ON_ZERO'),  @@SESSION.sql_auto_is_null = 0, @@SESSION.wait_timeout = 2147483[0m
  ↳ bin/rails:4
  [1m[35m (3.6ms)[0m  [1m[34mSELECT `schema_migrations`.`version` FROM `schema_migrations` ORDER BY `schema_migrations`.`version` ASC[0m
  ↳ bin/rails:4
  [1m[35m (47.4ms)[0m  [1m[35mSET NAMES utf8,  @@SESSION.sql_mode = CONCAT(CONCAT(@@sql_mode, ',STRICT_ALL_TABLES'), ',NO_AUTO_VALUE_ON_ZERO'),  @@SESSION.sql_auto_is_null = 0, @@SESSION.wait_timeout = 2147483[0m
  ↳ bin/rails:4
  [1m[35m (7.1ms)[0m  [1m[34mSELECT `schema_migrations`.`version` FROM `schema_migrations` ORDER BY `schema_migrations`.`version` ASC[0m
  ↳ bin/rails:4
  [1m[35m (6.1ms)[0m  [1m[34mSELECT `ar_internal_metadata`.`value` FROM `ar_internal_metadata` WHERE `ar_internal_metadata`.`key` = 'environment'[0m
  ↳ bin/rails:4
  [1m[35m (0.1ms)[0m  [1m[34mSELECT `schema_migrations`.`version` FROM `schema_migrations` ORDER BY `schema_migrations`.`version` ASC[0m
  ↳ bin/rails:4
  [1m[35m (0.1ms)[0m  [1m[34mSELECT `ar_internal_metadata`.`value` FROM `ar_internal_metadata` WHERE `ar_internal_metadata`.`key` = 'environment'[0m
  ↳ bin/rails:4
  [1m[35m (0.1ms)[0m  [1m[34mSELECT `schema_migrations`.`version` FROM `schema_migrations` ORDER BY `schema_migrations`.`version` ASC[0m
  ↳ bin/rails:4
  [1m[35m (0.1ms)[0m  [1m[34mSELECT `ar_internal_metadata`.`value` FROM `ar_internal_metadata` WHERE `ar_internal_metadata`.`key` = 'environment'[0m
  ↳ bin/rails:4
  [1m[35m (0.2ms)[0m  [1m[35mSET NAMES utf8,  @@SESSION.sql_mode = CONCAT(CONCAT(@@sql_mode, ',STRICT_ALL_TABLES'), ',NO_AUTO_VALUE_ON_ZERO'),  @@SESSION.sql_auto_is_null = 0, @@SESSION.wait_timeout = 2147483[0m
  ↳ bin/rails:4
  [1m[35m (81.9ms)[0m  [1m[35mDROP DATABASE IF EXISTS `zasetsu_norikoe_app_development`[0m
  ↳ bin/rails:4
  [1m[35m (2.6ms)[0m  [1m[35mSET NAMES utf8,  @@SESSION.sql_mode = CONCAT(CONCAT(@@sql_mode, ',STRICT_ALL_TABLES'), ',NO_AUTO_VALUE_ON_ZERO'),  @@SESSION.sql_auto_is_null = 0, @@SESSION.wait_timeout = 2147483[0m
  ↳ bin/rails:4
  [1m[35m (6.9ms)[0m  [1m[35mDROP DATABASE IF EXISTS `zasetsu_norikoe_app_test`[0m
  ↳ bin/rails:4
  [1m[35m (9.1ms)[0m  [1m[35mSET NAMES utf8,  @@SESSION.sql_mode = CONCAT(CONCAT(@@sql_mode, ',STRICT_ALL_TABLES'), ',NO_AUTO_VALUE_ON_ZERO'),  @@SESSION.sql_auto_is_null = 0, @@SESSION.wait_timeout = 2147483[0m
  ↳ bin/rails:4
  [1m[35m (8.7ms)[0m  [1m[35mCREATE DATABASE `zasetsu_norikoe_app_development` DEFAULT CHARACTER SET `utf8`[0m
  ↳ bin/rails:4
  [1m[35m (1.9ms)[0m  [1m[35mSET NAMES utf8,  @@SESSION.sql_mode = CONCAT(CONCAT(@@sql_mode, ',STRICT_ALL_TABLES'), ',NO_AUTO_VALUE_ON_ZERO'),  @@SESSION.sql_auto_is_null = 0, @@SESSION.wait_timeout = 2147483[0m
  ↳ bin/rails:4
  [1m[35m (2.5ms)[0m  [1m[35mCREATE DATABASE `zasetsu_norikoe_app_test` DEFAULT CHARACTER SET `utf8`[0m
  ↳ bin/rails:4
  [1m[35m (0.3ms)[0m  [1m[35mSET NAMES utf8,  @@SESSION.sql_mode = CONCAT(CONCAT(@@sql_mode, ',STRICT_ALL_TABLES'), ',NO_AUTO_VALUE_ON_ZERO'),  @@SESSION.sql_auto_is_null = 0, @@SESSION.wait_timeout = 2147483[0m
  ↳ bin/rails:4
  [1m[35m (60.8ms)[0m  [1m[35mCREATE TABLE `schema_migrations` (`version` varchar(255) NOT NULL PRIMARY KEY)[0m
  ↳ bin/rails:4
  [1m[35m (27.1ms)[0m  [1m[35mCREATE TABLE `ar_internal_metadata` (`key` varchar(255) NOT NULL PRIMARY KEY, `value` varchar(255), `created_at` datetime NOT NULL, `updated_at` datetime NOT NULL)[0m
  ↳ bin/rails:4
  [1m[35m (2.3ms)[0m  [1m[34mSELECT GET_LOCK('2579241965028937950', 0)[0m
  ↳ bin/rails:4
  [1m[35m (0.7ms)[0m  [1m[34mSELECT `schema_migrations`.`version` FROM `schema_migrations` ORDER BY `schema_migrations`.`version` ASC[0m
  ↳ bin/rails:4
Migrating to Users (20210207135604)
  [1m[35m (29.5ms)[0m  [1m[35mCREATE TABLE `userdate` (`id` bigint NOT NULL AUTO_INCREMENT PRIMARY KEY, `email` varchar(255) NOT NULL, `password` varchar(255) NOT NULL, `name` varchar(255) NOT NULL, `gender` int NOT NULL, `age` varchar(255), `employment_form` int NOT NULL, `prefecture` varchar(255), `available_work_time` varchar(255), `qualification` varchar(255), `hobby` varchar(255), `speciall_skill` varchar(255), `want_talk` varchar(255), `not_want_talk` varchar(255), `free_area` text, `zasetsu_count` int NOT NULL, `facebook_url` varchar(255), `twitter_url` varchar(255), `github_url` varchar(255), `port_url` varchar(255), `deleted_at` datetime NOT NULL, `created_at` datetime NOT NULL, `updated_at` datetime NOT NULL)[0m
  ↳ db/migrate/20210207135604_users.rb:3
  [1m[35m (0.9ms)[0m  [1m[35mBEGIN[0m
  ↳ bin/rails:4
  [1m[36mActiveRecord::SchemaMigration Create (2.9ms)[0m  [1m[32mINSERT INTO `schema_migrations` (`version`) VALUES ('20210207135604')[0m
  ↳ bin/rails:4
  [1m[35m (0.4ms)[0m  [1m[35mCOMMIT[0m
  ↳ bin/rails:4
Migrating to SkillCategories (20210207135715)
  [1m[35m (0.1ms)[0m  [1m[35mBEGIN[0m
  ↳ bin/rails:4
  [1m[36mActiveRecord::SchemaMigration Create (3.5ms)[0m  [1m[32mINSERT INTO `schema_migrations` (`version`) VALUES ('20210207135715')[0m
  ↳ bin/rails:4
  [1m[35m (0.2ms)[0m  [1m[35mCOMMIT[0m
  ↳ bin/rails:4
Migrating to SkillSets (20210207135817)
  [1m[35m (0.1ms)[0m  [1m[35mBEGIN[0m
  ↳ bin/rails:4
  [1m[36mActiveRecord::SchemaMigration Create (7.5ms)[0m  [1m[32mINSERT INTO `schema_migrations` (`version`) VALUES ('20210207135817')[0m
  ↳ bin/rails:4
  [1m[35m (0.3ms)[0m  [1m[35mCOMMIT[0m
  ↳ bin/rails:4
Migrating to UserAndSkillSetsRelationships (20210207140018)
  [1m[35m (0.1ms)[0m  [1m[35mBEGIN[0m
  ↳ bin/rails:4
  [1m[36mActiveRecord::SchemaMigration Create (5.7ms)[0m  [1m[32mINSERT INTO `schema_migrations` (`version`) VALUES ('20210207140018')[0m
  ↳ bin/rails:4
  [1m[35m (0.3ms)[0m  [1m[35mCOMMIT[0m
  ↳ bin/rails:4
  [1m[36mActiveRecord::InternalMetadata Load (0.4ms)[0m  [1m[34mSELECT  `ar_internal_metadata`.* FROM `ar_internal_metadata` WHERE `ar_internal_metadata`.`key` = 'environment' LIMIT 1[0m
  ↳ bin/rails:4
  [1m[35m (0.1ms)[0m  [1m[35mBEGIN[0m
  ↳ bin/rails:4
  [1m[36mActiveRecord::InternalMetadata Create (2.0ms)[0m  [1m[32mINSERT INTO `ar_internal_metadata` (`key`, `value`, `created_at`, `updated_at`) VALUES ('environment', 'development', '2021-02-10 19:57:53', '2021-02-10 19:57:53')[0m
  ↳ bin/rails:4
  [1m[35m (0.3ms)[0m  [1m[35mCOMMIT[0m
  ↳ bin/rails:4
  [1m[35m (1.1ms)[0m  [1m[34mSELECT RELEASE_LOCK('2579241965028937950')[0m
  ↳ bin/rails:4
  [1m[35m (0.2ms)[0m  [1m[34mSELECT `schema_migrations`.`version` FROM `schema_migrations` ORDER BY `schema_migrations`.`version` ASC[0m
  ↳ bin/rails:4
  [1m[35m (0.3ms)[0m  [1m[35mSET NAMES utf8,  @@SESSION.sql_mode = CONCAT(CONCAT(@@sql_mode, ',STRICT_ALL_TABLES'), ',NO_AUTO_VALUE_ON_ZERO'),  @@SESSION.sql_auto_is_null = 0, @@SESSION.wait_timeout = 2147483[0m
  ↳ bin/rails:4
  [1m[35m (0.5ms)[0m  [1m[34mSELECT `schema_migrations`.`version` FROM `schema_migrations` ORDER BY `schema_migrations`.`version` ASC[0m
  ↳ bin/rails:4
  [1m[35m (1.7ms)[0m  [1m[35mSET NAMES utf8,  @@SESSION.sql_mode = CONCAT(CONCAT(@@sql_mode, ',STRICT_ALL_TABLES'), ',NO_AUTO_VALUE_ON_ZERO'),  @@SESSION.sql_auto_is_null = 0, @@SESSION.wait_timeout = 2147483[0m
  ↳ bin/rails:4
  [1m[35m (0.2ms)[0m  [1m[34mSELECT `schema_migrations`.`version` FROM `schema_migrations` ORDER BY `schema_migrations`.`version` ASC[0m
  ↳ bin/rails:4
  [1m[35m (0.1ms)[0m  [1m[34mSELECT `schema_migrations`.`version` FROM `schema_migrations` ORDER BY `schema_migrations`.`version` ASC[0m
  ↳ bin/rails:4
  [1m[35m (0.1ms)[0m  [1m[34mSELECT `schema_migrations`.`version` FROM `schema_migrations` ORDER BY `schema_migrations`.`version` ASC[0m
  ↳ bin/rails:4
  [1m[35m (0.1ms)[0m  [1m[34mSELECT GET_LOCK('2579241965028937950', 0)[0m
  ↳ bin/rails:4
  [1m[35m (0.2ms)[0m  [1m[34mSELECT `schema_migrations`.`version` FROM `schema_migrations` ORDER BY `schema_migrations`.`version` ASC[0m
  ↳ bin/rails:4
Migrating to UserAndSkillSetsRelationships (20210207140018)
  [1m[36mActiveRecord::SchemaMigration Destroy (10.3ms)[0m  [1m[31mDELETE FROM `schema_migrations` WHERE `schema_migrations`.`version` = '20210207140018'[0m
  ↳ bin/rails:4
  [1m[35m (0.5ms)[0m  [1m[34mSELECT RELEASE_LOCK('2579241965028937950')[0m
  ↳ bin/rails:4
  [1m[35m (0.1ms)[0m  [1m[34mSELECT `schema_migrations`.`version` FROM `schema_migrations` ORDER BY `schema_migrations`.`version` ASC[0m
  ↳ bin/rails:4
  [1m[35m (0.2ms)[0m  [1m[35mSET NAMES utf8,  @@SESSION.sql_mode = CONCAT(CONCAT(@@sql_mode, ',STRICT_ALL_TABLES'), ',NO_AUTO_VALUE_ON_ZERO'),  @@SESSION.sql_auto_is_null = 0, @@SESSION.wait_timeout = 2147483[0m
  ↳ bin/rails:4
  [1m[35m (0.1ms)[0m  [1m[34mSELECT GET_LOCK('2579241965028937950', 0)[0m
  ↳ bin/rails:4
  [1m[35m (0.2ms)[0m  [1m[34mSELECT `schema_migrations`.`version` FROM `schema_migrations` ORDER BY `schema_migrations`.`version` ASC[0m
  ↳ bin/rails:4
Migrating to UserAndSkillSetsRelationships (20210207140018)
  [1m[35m (0.1ms)[0m  [1m[35mBEGIN[0m
  ↳ bin/rails:4
  [1m[36mActiveRecord::SchemaMigration Create (0.9ms)[0m  [1m[32mINSERT INTO `schema_migrations` (`version`) VALUES ('20210207140018')[0m
  ↳ bin/rails:4
  [1m[35m (0.3ms)[0m  [1m[35mCOMMIT[0m
  ↳ bin/rails:4
  [1m[36mActiveRecord::InternalMetadata Load (0.3ms)[0m  [1m[34mSELECT  `ar_internal_metadata`.* FROM `ar_internal_metadata` WHERE `ar_internal_metadata`.`key` = 'environment' LIMIT 1[0m
  ↳ bin/rails:4
  [1m[35m (0.2ms)[0m  [1m[35mBEGIN[0m
  ↳ bin/rails:4
  [1m[35m (0.1ms)[0m  [1m[35mCOMMIT[0m
  ↳ bin/rails:4
  [1m[35m (0.1ms)[0m  [1m[34mSELECT RELEASE_LOCK('2579241965028937950')[0m
  ↳ bin/rails:4
  [1m[35m (0.1ms)[0m  [1m[34mSELECT `schema_migrations`.`version` FROM `schema_migrations` ORDER BY `schema_migrations`.`version` ASC[0m
  ↳ bin/rails:4
  [1m[35m (0.5ms)[0m  [1m[35mSET NAMES utf8,  @@SESSION.sql_mode = CONCAT(CONCAT(@@sql_mode, ',STRICT_ALL_TABLES'), ',NO_AUTO_VALUE_ON_ZERO'),  @@SESSION.sql_auto_is_null = 0, @@SESSION.wait_timeout = 2147483[0m
  ↳ bin/rails:4
  [1m[35m (0.2ms)[0m  [1m[34mSELECT `schema_migrations`.`version` FROM `schema_migrations` ORDER BY `schema_migrations`.`version` ASC[0m
  ↳ bin/rails:4
  [1m[35m (0.1ms)[0m  [1m[34mSELECT `schema_migrations`.`version` FROM `schema_migrations` ORDER BY `schema_migrations`.`version` ASC[0m
  ↳ bin/rails:4
  [1m[35m (0.1ms)[0m  [1m[34mSELECT `schema_migrations`.`version` FROM `schema_migrations` ORDER BY `schema_migrations`.`version` ASC[0m
  ↳ bin/rails:4
  [1m[35m (0.1ms)[0m  [1m[34mSELECT GET_LOCK('2579241965028937950', 0)[0m
  ↳ bin/rails:4
  [1m[35m (0.1ms)[0m  [1m[34mSELECT `schema_migrations`.`version` FROM `schema_migrations` ORDER BY `schema_migrations`.`version` ASC[0m
  ↳ bin/rails:4
Migrating to UserAndSkillSetsRelationships (20210207140018)
  [1m[36mActiveRecord::SchemaMigration Destroy (2.2ms)[0m  [1m[31mDELETE FROM `schema_migrations` WHERE `schema_migrations`.`version` = '20210207140018'[0m
  ↳ bin/rails:4
  [1m[35m (0.1ms)[0m  [1m[34mSELECT RELEASE_LOCK('2579241965028937950')[0m
  ↳ bin/rails:4
  [1m[35m (0.1ms)[0m  [1m[34mSELECT `schema_migrations`.`version` FROM `schema_migrations` ORDER BY `schema_migrations`.`version` ASC[0m
  ↳ bin/rails:4
  [1m[35m (0.3ms)[0m  [1m[35mSET NAMES utf8,  @@SESSION.sql_mode = CONCAT(CONCAT(@@sql_mode, ',STRICT_ALL_TABLES'), ',NO_AUTO_VALUE_ON_ZERO'),  @@SESSION.sql_auto_is_null = 0, @@SESSION.wait_timeout = 2147483[0m
  ↳ bin/rails:4
  [1m[35m (0.1ms)[0m  [1m[34mSELECT `schema_migrations`.`version` FROM `schema_migrations` ORDER BY `schema_migrations`.`version` ASC[0m
  ↳ bin/rails:4
  [1m[35m (0.1ms)[0m  [1m[34mSELECT `schema_migrations`.`version` FROM `schema_migrations` ORDER BY `schema_migrations`.`version` ASC[0m
  ↳ bin/rails:4
  [1m[35m (0.1ms)[0m  [1m[34mSELECT `schema_migrations`.`version` FROM `schema_migrations` ORDER BY `schema_migrations`.`version` ASC[0m
  ↳ bin/rails:4
  [1m[35m (0.1ms)[0m  [1m[34mSELECT GET_LOCK('2579241965028937950', 0)[0m
  ↳ bin/rails:4
  [1m[35m (0.1ms)[0m  [1m[34mSELECT `schema_migrations`.`version` FROM `schema_migrations` ORDER BY `schema_migrations`.`version` ASC[0m
  ↳ bin/rails:4
Migrating to SkillSets (20210207135817)
  [1m[36mActiveRecord::SchemaMigration Destroy (2.5ms)[0m  [1m[31mDELETE FROM `schema_migrations` WHERE `schema_migrations`.`version` = '20210207135817'[0m
  ↳ bin/rails:4
  [1m[35m (0.2ms)[0m  [1m[34mSELECT RELEASE_LOCK('2579241965028937950')[0m
  ↳ bin/rails:4
  [1m[35m (0.2ms)[0m  [1m[34mSELECT `schema_migrations`.`version` FROM `schema_migrations` ORDER BY `schema_migrations`.`version` ASC[0m
  ↳ bin/rails:4
  [1m[35m (0.3ms)[0m  [1m[35mSET NAMES utf8,  @@SESSION.sql_mode = CONCAT(CONCAT(@@sql_mode, ',STRICT_ALL_TABLES'), ',NO_AUTO_VALUE_ON_ZERO'),  @@SESSION.sql_auto_is_null = 0, @@SESSION.wait_timeout = 2147483[0m
  ↳ bin/rails:4
  [1m[35m (0.1ms)[0m  [1m[34mSELECT `schema_migrations`.`version` FROM `schema_migrations` ORDER BY `schema_migrations`.`version` ASC[0m
  ↳ bin/rails:4
  [1m[35m (0.3ms)[0m  [1m[35mSET NAMES utf8,  @@SESSION.sql_mode = CONCAT(CONCAT(@@sql_mode, ',STRICT_ALL_TABLES'), ',NO_AUTO_VALUE_ON_ZERO'),  @@SESSION.sql_auto_is_null = 0, @@SESSION.wait_timeout = 2147483[0m
  ↳ bin/rails:4
  [1m[35m (0.2ms)[0m  [1m[34mSELECT `schema_migrations`.`version` FROM `schema_migrations` ORDER BY `schema_migrations`.`version` ASC[0m
  ↳ bin/rails:4
  [1m[35m (0.1ms)[0m  [1m[34mSELECT `schema_migrations`.`version` FROM `schema_migrations` ORDER BY `schema_migrations`.`version` ASC[0m
  ↳ bin/rails:4
  [1m[35m (0.1ms)[0m  [1m[34mSELECT `schema_migrations`.`version` FROM `schema_migrations` ORDER BY `schema_migrations`.`version` ASC[0m
  ↳ bin/rails:4
  [1m[35m (0.1ms)[0m  [1m[34mSELECT GET_LOCK('2579241965028937950', 0)[0m
  ↳ bin/rails:4
  [1m[35m (0.1ms)[0m  [1m[34mSELECT `schema_migrations`.`version` FROM `schema_migrations` ORDER BY `schema_migrations`.`version` ASC[0m
  ↳ bin/rails:4
Migrating to SkillCategories (20210207135715)
  [1m[36mActiveRecord::SchemaMigration Destroy (6.4ms)[0m  [1m[31mDELETE FROM `schema_migrations` WHERE `schema_migrations`.`version` = '20210207135715'[0m
  ↳ bin/rails:4
  [1m[35m (0.2ms)[0m  [1m[34mSELECT RELEASE_LOCK('2579241965028937950')[0m
  ↳ bin/rails:4
  [1m[35m (0.4ms)[0m  [1m[34mSELECT `schema_migrations`.`version` FROM `schema_migrations` ORDER BY `schema_migrations`.`version` ASC[0m
  ↳ bin/rails:4
  [1m[35m (0.4ms)[0m  [1m[35mSET NAMES utf8,  @@SESSION.sql_mode = CONCAT(CONCAT(@@sql_mode, ',STRICT_ALL_TABLES'), ',NO_AUTO_VALUE_ON_ZERO'),  @@SESSION.sql_auto_is_null = 0, @@SESSION.wait_timeout = 2147483[0m
  ↳ bin/rails:4
  [1m[35m (0.2ms)[0m  [1m[34mSELECT `schema_migrations`.`version` FROM `schema_migrations` ORDER BY `schema_migrations`.`version` ASC[0m
  ↳ bin/rails:4
  [1m[35m (0.2ms)[0m  [1m[35mSET NAMES utf8,  @@SESSION.sql_mode = CONCAT(CONCAT(@@sql_mode, ',STRICT_ALL_TABLES'), ',NO_AUTO_VALUE_ON_ZERO'),  @@SESSION.sql_auto_is_null = 0, @@SESSION.wait_timeout = 2147483[0m
  ↳ bin/rails:4
  [1m[35m (0.4ms)[0m  [1m[34mSELECT `schema_migrations`.`version` FROM `schema_migrations` ORDER BY `schema_migrations`.`version` ASC[0m
  ↳ bin/rails:4
  [1m[35m (0.1ms)[0m  [1m[34mSELECT `schema_migrations`.`version` FROM `schema_migrations` ORDER BY `schema_migrations`.`version` ASC[0m
  ↳ bin/rails:4
  [1m[35m (0.1ms)[0m  [1m[34mSELECT `schema_migrations`.`version` FROM `schema_migrations` ORDER BY `schema_migrations`.`version` ASC[0m
  ↳ bin/rails:4
  [1m[35m (0.1ms)[0m  [1m[34mSELECT GET_LOCK('2579241965028937950', 0)[0m
  ↳ bin/rails:4
  [1m[35m (0.1ms)[0m  [1m[34mSELECT `schema_migrations`.`version` FROM `schema_migrations` ORDER BY `schema_migrations`.`version` ASC[0m
  ↳ bin/rails:4
Migrating to Users (20210207135604)
  [1m[35m (22.9ms)[0m  [1m[35mDROP TABLE `userdate`[0m
  ↳ bin/rails:4
  [1m[36mActiveRecord::SchemaMigration Destroy (3.5ms)[0m  [1m[31mDELETE FROM `schema_migrations` WHERE `schema_migrations`.`version` = '20210207135604'[0m
  ↳ bin/rails:4
  [1m[35m (0.2ms)[0m  [1m[34mSELECT RELEASE_LOCK('2579241965028937950')[0m
  ↳ bin/rails:4
  [1m[35m (0.1ms)[0m  [1m[34mSELECT `schema_migrations`.`version` FROM `schema_migrations` ORDER BY `schema_migrations`.`version` ASC[0m
  ↳ bin/rails:4
  [1m[35m (0.2ms)[0m  [1m[35mSET NAMES utf8,  @@SESSION.sql_mode = CONCAT(CONCAT(@@sql_mode, ',STRICT_ALL_TABLES'), ',NO_AUTO_VALUE_ON_ZERO'),  @@SESSION.sql_auto_is_null = 0, @@SESSION.wait_timeout = 2147483[0m
  ↳ bin/rails:4
  [1m[35m (0.2ms)[0m  [1m[34mSELECT `schema_migrations`.`version` FROM `schema_migrations` ORDER BY `schema_migrations`.`version` ASC[0m
  ↳ bin/rails:4
  [1m[35m (15.3ms)[0m  [1m[35mSET NAMES utf8,  @@SESSION.sql_mode = CONCAT(CONCAT(@@sql_mode, ',STRICT_ALL_TABLES'), ',NO_AUTO_VALUE_ON_ZERO'),  @@SESSION.sql_auto_is_null = 0, @@SESSION.wait_timeout = 2147483[0m
  ↳ bin/rails:4
  [1m[35m (0.6ms)[0m  [1m[34mSELECT `schema_migrations`.`version` FROM `schema_migrations` ORDER BY `schema_migrations`.`version` ASC[0m
  ↳ bin/rails:4
  [1m[35m (0.1ms)[0m  [1m[34mSELECT `schema_migrations`.`version` FROM `schema_migrations` ORDER BY `schema_migrations`.`version` ASC[0m
  ↳ bin/rails:4
  [1m[35m (0.1ms)[0m  [1m[34mSELECT GET_LOCK('2579241965028937950', 0)[0m
  ↳ bin/rails:4
  [1m[35m (0.1ms)[0m  [1m[34mSELECT `schema_migrations`.`version` FROM `schema_migrations` ORDER BY `schema_migrations`.`version` ASC[0m
  ↳ bin/rails:4
  [1m[35m (0.1ms)[0m  [1m[34mSELECT RELEASE_LOCK('2579241965028937950')[0m
  ↳ bin/rails:4
  [1m[35m (0.2ms)[0m  [1m[34mSELECT `schema_migrations`.`version` FROM `schema_migrations` ORDER BY `schema_migrations`.`version` ASC[0m
  ↳ bin/rails:4
  [1m[35m (0.3ms)[0m  [1m[35mSET NAMES utf8,  @@SESSION.sql_mode = CONCAT(CONCAT(@@sql_mode, ',STRICT_ALL_TABLES'), ',NO_AUTO_VALUE_ON_ZERO'),  @@SESSION.sql_auto_is_null = 0, @@SESSION.wait_timeout = 2147483[0m
  ↳ bin/rails:4
  [1m[35m (0.5ms)[0m  [1m[34mSELECT `schema_migrations`.`version` FROM `schema_migrations` ORDER BY `schema_migrations`.`version` ASC[0m
  ↳ bin/rails:4
  [1m[35m (0.7ms)[0m  [1m[35mSET NAMES utf8,  @@SESSION.sql_mode = CONCAT(CONCAT(@@sql_mode, ',STRICT_ALL_TABLES'), ',NO_AUTO_VALUE_ON_ZERO'),  @@SESSION.sql_auto_is_null = 0, @@SESSION.wait_timeout = 2147483[0m
  ↳ bin/rails:4
  [1m[35m (0.2ms)[0m  [1m[34mSELECT `schema_migrations`.`version` FROM `schema_migrations` ORDER BY `schema_migrations`.`version` ASC[0m
  ↳ bin/rails:4
  [1m[35m (0.1ms)[0m  [1m[34mSELECT `schema_migrations`.`version` FROM `schema_migrations` ORDER BY `schema_migrations`.`version` ASC[0m
  ↳ bin/rails:4
  [1m[35m (0.1ms)[0m  [1m[34mSELECT GET_LOCK('2579241965028937950', 0)[0m
  ↳ bin/rails:4
  [1m[35m (0.1ms)[0m  [1m[34mSELECT `schema_migrations`.`version` FROM `schema_migrations` ORDER BY `schema_migrations`.`version` ASC[0m
  ↳ bin/rails:4
  [1m[35m (0.1ms)[0m  [1m[34mSELECT RELEASE_LOCK('2579241965028937950')[0m
  ↳ bin/rails:4
  [1m[35m (0.1ms)[0m  [1m[34mSELECT `schema_migrations`.`version` FROM `schema_migrations` ORDER BY `schema_migrations`.`version` ASC[0m
  ↳ bin/rails:4
